2020-04-03 11:11:36,764 INFO notifyConnectTimeout:200

2020-04-03 11:11:36,767 INFO notifySocketTimeout:8000

2020-04-03 11:11:36,767 INFO isHealthCheck:true

2020-04-03 11:11:36,767 INFO maxHealthCheckFailCount:12

2020-04-03 11:11:36,768 INFO maxContent:10485760

2020-04-03 11:11:38,087 INFO Schema 'NACOS' already exists.

2020-04-03 11:11:38,227 INFO Table/View 'CONFIG_INFO' already exists in Schema 'NACOS'.

2020-04-03 11:11:38,448 INFO Table/View 'HIS_CONFIG_INFO' already exists in Schema 'NACOS'.

2020-04-03 11:11:38,539 INFO Table/View 'CONFIG_INFO_BETA' already exists in Schema 'NACOS'.

2020-04-03 11:11:38,597 INFO Table/View 'CONFIG_INFO_TAG' already exists in Schema 'NACOS'.

2020-04-03 11:11:38,666 INFO Table/View 'CONFIG_INFO_AGGR' already exists in Schema 'NACOS'.

2020-04-03 11:11:38,730 INFO Table/View 'APP_LIST' already exists in Schema 'NACOS'.

2020-04-03 11:11:38,796 INFO Table/View 'APP_CONFIGDATA_RELATION_SUBS' already exists in Schema 'NACOS'.

2020-04-03 11:11:38,867 INFO Table/View 'APP_CONFIGDATA_RELATION_PUBS' already exists in Schema 'NACOS'.

2020-04-03 11:11:38,940 INFO Table/View 'CONFIG_TAGS_RELATION' already exists in Schema 'NACOS'.

2020-04-03 11:11:38,994 INFO Table/View 'GROUP_CAPACITY' already exists in Schema 'NACOS'.

2020-04-03 11:11:39,066 INFO Table/View 'TENANT_CAPACITY' already exists in Schema 'NACOS'.

2020-04-03 11:11:39,154 INFO Table/View 'TENANT_INFO' already exists in Schema 'NACOS'.

2020-04-03 11:11:39,292 INFO Table/View 'USERS' already exists in Schema 'NACOS'.

2020-04-03 11:11:39,346 INFO Table/View 'ROLES' already exists in Schema 'NACOS'.

2020-04-03 11:11:39,439 INFO Table/View 'PERMISSIONS' already exists in Schema 'NACOS'.

2020-04-03 11:11:39,611 INFO The statement was aborted because it would have caused a duplicate key value in a unique or primary key constraint or unique index identified by 'SQL200316165403880' defined on 'USERS'.

2020-04-03 11:11:39,630 INFO The statement was aborted because it would have caused a duplicate key value in a unique or primary key constraint or unique index identified by 'UK_USERNAME_ROLE' defined on 'ROLES'.

2020-04-03 11:11:41,693 INFO ServerListService address-server port:8080

2020-04-03 11:11:41,693 INFO ADDRESS_SERVER_URL:http://jmenv.tbsite.net:8080/nacos/serverlist

2020-04-03 11:11:41,695 WARN [serverlist] updated to [192.168.56.1:8848]

2020-04-03 11:11:41,796 WARN DumpService start

2020-04-03 11:11:41,798 INFO start clear all config-info.

2020-04-03 11:11:41,802 WARN clear all config-info failed.

2020-04-03 11:11:41,802 WARN clear all config-info-tenant failed.

2020-04-03 11:11:41,957 INFO [all-dump] 8 / 8

2020-04-03 11:11:41,957 INFO start clear all config-info-beta.

2020-04-03 11:11:41,957 WARN clear all config-info-beta failed.

2020-04-03 11:11:41,957 WARN clear all config-info-beta-tenant failed.

2020-04-03 11:11:42,001 INFO start clear all config-info-tag.

2020-04-03 11:11:42,001 WARN clear all config-info-tag failed.

2020-04-03 11:11:42,001 WARN clear all config-info-tag-tenant failed.

2020-04-03 16:11:32,382 INFO notifyConnectTimeout:200

2020-04-03 16:11:32,383 INFO notifySocketTimeout:8000

2020-04-03 16:11:32,383 INFO isHealthCheck:true

2020-04-03 16:11:32,383 INFO maxHealthCheckFailCount:12

2020-04-03 16:11:32,383 INFO maxContent:10485760

2020-04-03 16:11:33,202 INFO Schema 'NACOS' already exists.

2020-04-03 16:11:33,265 INFO Table/View 'CONFIG_INFO' already exists in Schema 'NACOS'.

2020-04-03 16:11:33,343 INFO Table/View 'HIS_CONFIG_INFO' already exists in Schema 'NACOS'.

2020-04-03 16:11:33,390 INFO Table/View 'CONFIG_INFO_BETA' already exists in Schema 'NACOS'.

2020-04-03 16:11:33,434 INFO Table/View 'CONFIG_INFO_TAG' already exists in Schema 'NACOS'.

2020-04-03 16:11:33,480 INFO Table/View 'CONFIG_INFO_AGGR' already exists in Schema 'NACOS'.

2020-04-03 16:11:33,522 INFO Table/View 'APP_LIST' already exists in Schema 'NACOS'.

2020-04-03 16:11:33,563 INFO Table/View 'APP_CONFIGDATA_RELATION_SUBS' already exists in Schema 'NACOS'.

2020-04-03 16:11:33,616 INFO Table/View 'APP_CONFIGDATA_RELATION_PUBS' already exists in Schema 'NACOS'.

2020-04-03 16:11:33,664 INFO Table/View 'CONFIG_TAGS_RELATION' already exists in Schema 'NACOS'.

2020-04-03 16:11:33,706 INFO Table/View 'GROUP_CAPACITY' already exists in Schema 'NACOS'.

2020-04-03 16:11:33,781 INFO Table/View 'TENANT_CAPACITY' already exists in Schema 'NACOS'.

2020-04-03 16:11:33,814 INFO Table/View 'TENANT_INFO' already exists in Schema 'NACOS'.

2020-04-03 16:11:33,858 INFO Table/View 'USERS' already exists in Schema 'NACOS'.

2020-04-03 16:11:33,889 INFO Table/View 'ROLES' already exists in Schema 'NACOS'.

2020-04-03 16:11:33,935 INFO Table/View 'PERMISSIONS' already exists in Schema 'NACOS'.

2020-04-03 16:11:33,996 INFO The statement was aborted because it would have caused a duplicate key value in a unique or primary key constraint or unique index identified by 'SQL200316165403880' defined on 'USERS'.

2020-04-03 16:11:34,005 INFO The statement was aborted because it would have caused a duplicate key value in a unique or primary key constraint or unique index identified by 'UK_USERNAME_ROLE' defined on 'ROLES'.

2020-04-03 16:11:35,246 INFO ServerListService address-server port:8080

2020-04-03 16:11:35,246 INFO ADDRESS_SERVER_URL:http://jmenv.tbsite.net:8080/nacos/serverlist

2020-04-03 16:11:35,247 WARN [serverlist] updated to [192.168.56.1:8848]

2020-04-03 16:11:35,305 WARN DumpService start

2020-04-03 16:11:35,308 INFO start clear all config-info.

2020-04-03 16:11:35,311 WARN clear all config-info failed.

2020-04-03 16:11:35,312 WARN clear all config-info-tenant failed.

2020-04-03 16:11:35,395 INFO [all-dump] 13 / 13

2020-04-03 16:11:35,395 INFO start clear all config-info-beta.

2020-04-03 16:11:35,395 WARN clear all config-info-beta failed.

2020-04-03 16:11:35,395 WARN clear all config-info-beta-tenant failed.

2020-04-03 16:11:35,405 INFO start clear all config-info-tag.

2020-04-03 16:11:35,405 WARN clear all config-info-tag failed.

2020-04-03 16:11:35,405 WARN clear all config-info-tag-tenant failed.

