2020-04-03 11:12:12,069 INFO PERFORMANCE:|0|0|-1|-1

2020-04-03 11:17:12,074 INFO PERFORMANCE:|1|1|-1|-1

2020-04-03 11:22:12,075 INFO PERFORMANCE:|1|1|-1|-1

2020-04-03 11:27:12,076 INFO PERFORMANCE:|1|1|-1|-1

2020-04-03 11:32:12,078 INFO PERFORMANCE:|1|0|-1|-1

2020-04-03 11:37:12,080 INFO PERFORMANCE:|1|0|-1|-1

2020-04-03 11:42:12,080 INFO PERFORMANCE:|1|1|-1|-1

2020-04-03 11:47:12,082 INFO PERFORMANCE:|2|2|-1|-1

2020-04-03 11:52:12,084 INFO PERFORMANCE:|2|2|-1|-1

2020-04-03 11:57:12,084 INFO PERFORMANCE:|2|0|-1|-1

2020-04-03 12:02:12,084 INFO PERFORMANCE:|2|0|-1|-1

2020-04-03 12:07:12,085 INFO PERFORMANCE:|2|0|-1|-1

2020-04-03 12:12:12,086 INFO PERFORMANCE:|2|0|-1|-1

2020-04-03 12:17:12,087 INFO PERFORMANCE:|2|0|-1|-1

2020-04-03 12:22:12,088 INFO PERFORMANCE:|2|0|-1|-1

2020-04-03 12:27:12,090 INFO PERFORMANCE:|2|0|-1|-1

2020-04-03 12:32:12,091 INFO PERFORMANCE:|3|1|-1|-1

2020-04-03 12:37:12,091 INFO PERFORMANCE:|3|1|-1|-1

2020-04-03 12:42:12,093 INFO PERFORMANCE:|3|1|-1|-1

2020-04-03 12:47:12,095 INFO PERFORMANCE:|3|1|-1|-1

2020-04-03 12:52:12,096 INFO PERFORMANCE:|3|1|-1|-1

2020-04-03 12:57:12,096 INFO PERFORMANCE:|3|1|-1|-1

2020-04-03 13:02:12,098 INFO PERFORMANCE:|3|1|-1|-1

